[INFO][2020-05-05 14:47:02]启动成功
[INFO][2020-05-05 14:47:47]协议号：05
[INFO][2020-05-05 14:48:05]协议号：01
[INFO][2020-05-05 14:48:05]有设备登录-----
[INFO][2020-05-05 14:48:05]设备IMEI：363620200424072
[INFO][2020-05-05 14:48:05]软件版本：6
[INFO][2020-05-05 14:48:05]------------------
[INFO][2020-05-05 14:49:28]协议号：B0
[INFO][2020-05-05 14:50:13]协议号：E3
[INFO][2020-05-05 14:50:13]GPS定位数据-----
[INFO][2020-05-05 14:50:13]时间：2020年5月4日16时45分6秒
[INFO][2020-05-05 14:50:13]GPS信息长度：9
[INFO][2020-05-05 14:50:13]卫星个数：13
[INFO][2020-05-05 14:50:13]经度：113.393785
[INFO][2020-05-05 14:50:13]纬度：23.09513666666667
[INFO][2020-05-05 14:50:13]速度：2公里/小时
[INFO][2020-05-05 14:50:13]------------------
[INFO][2020-05-05 14:53:50]启动成功
[INFO][2020-05-05 14:53:59]协议号：01
[INFO][2020-05-05 14:53:59]有设备登录-----
[INFO][2020-05-05 14:53:59]设备IMEI：363620200424072
[INFO][2020-05-05 14:53:59]软件版本：6
[INFO][2020-05-05 14:53:59]------------------
[INFO][2020-05-05 14:54:00]协议号：E3
[INFO][2020-05-05 14:54:00]GPS定位数据-----
[INFO][2020-05-05 14:54:00]时间：2020年5月4日16时45分6秒
[INFO][2020-05-05 14:54:00]GPS信息长度：9
[INFO][2020-05-05 14:54:00]卫星个数：13
[INFO][2020-05-05 14:54:04]经度：113.393785
[INFO][2020-05-05 14:54:05]纬度：23.09513666666667
[INFO][2020-05-05 14:54:06]速度：2公里/小时
[INFO][2020-05-05 15:07:27]------------------
[INFO][2020-05-05 15:07:27]协议号：08
[INFO][2020-05-05 15:07:27]协议号：13
[INFO][2020-05-05 15:07:27]电池电量：16
[INFO][2020-05-05 15:07:27]软件版本：6
[INFO][2020-05-05 15:07:27]时区：8
[INFO][2020-05-05 15:07:27]心跳包上传间隔：5分钟
[INFO][2020-05-05 15:07:27]信号强度：100
[INFO][2020-05-05 15:07:27]------------------
[INFO][2020-05-05 15:07:27]协议号：08
[INFO][2020-05-05 16:02:41]启动成功
[INFO][2020-05-05 16:02:47]协议号：E3
[INFO][2020-05-05 16:02:47]GPS定位数据-----
[INFO][2020-05-05 16:02:47]时间：2020年5月4日16时45分6秒
[INFO][2020-05-05 16:02:47]GPS信息长度：9
[INFO][2020-05-05 16:02:47]卫星个数：13
[INFO][2020-05-05 16:02:47]经度：113.393785
[INFO][2020-05-05 16:02:47]纬度：23.09513666666667
[INFO][2020-05-05 16:02:47]速度：2公里/小时
[INFO][2020-05-05 16:02:47]------------------
[INFO][2020-05-05 16:03:57]协议号：01
[INFO][2020-05-05 16:03:57]有设备登录-----
[INFO][2020-05-05 16:03:57]设备IMEI：363620200424072
[INFO][2020-05-05 16:03:57]软件版本：6
[INFO][2020-05-05 16:03:57]------------------
[INFO][2020-05-05 16:04:08]协议号：13
[INFO][2020-05-05 16:04:08]电池电量：14
[INFO][2020-05-05 16:04:08]软件版本：6
[INFO][2020-05-05 16:04:08]时区：8
[INFO][2020-05-05 16:04:08]心跳包上传间隔：5分钟
[INFO][2020-05-05 16:04:08]信号强度：100
[INFO][2020-05-05 16:04:08]------------------
[INFO][2020-05-05 16:06:17]启动成功
[INFO][2020-05-05 16:06:19]协议号：E3
[INFO][2020-05-05 16:06:19]GPS定位数据-----
[INFO][2020-05-05 16:06:19]时间：2020年5月4日16时45分6秒
[INFO][2020-05-05 16:06:19]GPS信息长度：9
[INFO][2020-05-05 16:06:19]卫星个数：13
[INFO][2020-05-05 16:06:19]经度：113.393785
[INFO][2020-05-05 16:06:19]纬度：23.09513666666667
[INFO][2020-05-05 16:06:19]速度：2公里/小时
[INFO][2020-05-05 16:06:19]------------------
[INFO][2020-05-05 16:06:26]协议号：01
[INFO][2020-05-05 16:06:26]有设备登录-----
[INFO][2020-05-05 16:06:26]设备IMEI：363620200424072
[INFO][2020-05-05 16:06:26]软件版本：6
[INFO][2020-05-05 16:06:26]------------------
[INFO][2020-05-05 16:10:52]启动成功
[INFO][2020-05-05 16:11:05]协议号：01
[INFO][2020-05-05 16:11:05]有设备登录-----
[INFO][2020-05-05 16:11:05]设备IMEI：363620200424072
[INFO][2020-05-05 16:11:05]软件版本：6
[INFO][2020-05-05 16:11:05]------------------
[INFO][2020-05-05 16:11:08]协议号：E3
[INFO][2020-05-05 16:11:08]GPS定位数据-----
[INFO][2020-05-05 16:11:08]时间：2020年5月4日16时45分6秒
[INFO][2020-05-05 16:11:08]GPS信息长度：9
[INFO][2020-05-05 16:11:08]卫星个数：13
[INFO][2020-05-05 16:11:08]经度：113.393785
[INFO][2020-05-05 16:11:08]纬度：23.09513666666667
[INFO][2020-05-05 16:11:08]速度：2公里/小时
[INFO][2020-05-05 16:11:54]------------------
[INFO][2020-05-05 16:14:31]启动成功
[INFO][2020-05-05 16:14:32]协议号：E3
[INFO][2020-05-05 16:14:32]GPS定位数据-----
[INFO][2020-05-05 16:14:32]时间：2020年5月4日16时45分6秒
[INFO][2020-05-05 16:14:32]GPS信息长度：9
[INFO][2020-05-05 16:14:32]卫星个数：13
[INFO][2020-05-05 16:14:32]经度：113.393785
[INFO][2020-05-05 16:14:32]纬度：23.09513666666667
[INFO][2020-05-05 16:14:32]速度：2公里/小时
[INFO][2020-05-05 16:14:32]------------------
[INFO][2020-05-05 16:14:40]协议号：01
[INFO][2020-05-05 16:14:40]有设备登录-----
[INFO][2020-05-05 16:14:40]设备IMEI：363620200424072
[INFO][2020-05-05 16:14:40]软件版本：6
[INFO][2020-05-05 16:14:40]------------------
[INFO][2020-05-05 16:19:57]协议号：08
[INFO][2020-05-05 16:20:39]协议号：13
[INFO][2020-05-05 16:20:39]电池电量：13
[INFO][2020-05-05 16:20:39]软件版本：6
[INFO][2020-05-05 16:20:39]时区：8
[INFO][2020-05-05 16:20:39]心跳包上传间隔：5分钟
[INFO][2020-05-05 16:20:39]信号强度：100
[INFO][2020-05-05 16:20:39]------------------
[INFO][2020-05-05 16:25:08]协议号：08
[INFO][2020-05-05 16:30:19]协议号：08
[INFO][2020-05-05 16:35:29]协议号：08
[INFO][2020-05-05 16:36:10]协议号：13
[INFO][2020-05-05 16:36:10]电池电量：14
[INFO][2020-05-05 16:36:10]软件版本：6
[INFO][2020-05-05 16:36:10]时区：8
[INFO][2020-05-05 16:36:10]心跳包上传间隔：5分钟
[INFO][2020-05-05 16:36:10]信号强度：100
[INFO][2020-05-05 16:36:10]------------------
[INFO][2020-05-05 16:39:56]启动成功
[INFO][2020-05-05 16:40:01]协议号：E3
[INFO][2020-05-05 16:40:01]GPS定位数据-----
[INFO][2020-05-05 16:40:01]时间：2020年5月4日16时45分6秒
[INFO][2020-05-05 16:40:01]GPS信息长度：9
[INFO][2020-05-05 16:40:01]卫星个数：13
[INFO][2020-05-05 16:40:01]经度：东经113.393785
[INFO][2020-05-05 16:40:01]纬度：北纬23.09513666666667
[INFO][2020-05-05 16:40:01]速度：2公里/小时
[INFO][2020-05-05 16:40:01]航向：60度
[INFO][2020-05-05 16:40:01]------------------
[INFO][2020-05-05 16:40:01]协议号：01
[INFO][2020-05-05 16:40:01]有设备登录-----
[INFO][2020-05-05 16:40:01]设备IMEI：363620200424072
[INFO][2020-05-05 16:40:01]软件版本：6
[INFO][2020-05-05 16:40:01]------------------
[INFO][2020-05-05 16:40:29]启动成功
[INFO][2020-05-05 16:40:34]协议号：E3
[INFO][2020-05-05 16:40:34]GPS定位数据-----
[INFO][2020-05-05 16:40:34]时间：2020年5月4日16时45分6秒
[INFO][2020-05-05 16:40:34]GPS信息长度：9
[INFO][2020-05-05 16:40:34]卫星个数：13
[INFO][2020-05-05 16:40:34]经度：东经113.393785
[INFO][2020-05-05 16:40:34]纬度：北纬23.09513666666667
[INFO][2020-05-05 16:40:34]速度：2公里/小时
[INFO][2020-05-05 16:40:34]航向：60度
[INFO][2020-05-05 16:40:34]------------------
[INFO][2020-05-05 16:40:38]协议号：01
[INFO][2020-05-05 16:40:38]有设备登录-----
[INFO][2020-05-05 16:40:38]设备IMEI：363620200424072
[INFO][2020-05-05 16:40:38]软件版本：6
[INFO][2020-05-05 16:40:38]------------------
[INFO][2020-05-05 16:45:50]协议号：08
[INFO][2020-05-05 16:49:46]启动成功
[INFO][2020-05-05 16:49:49]协议号：E3
[INFO][2020-05-05 16:49:49]GPS定位数据-----
[INFO][2020-05-05 16:49:49]时间：2020年5月4日16时45分6秒
[INFO][2020-05-05 16:49:49]GPS信息长度：9
[INFO][2020-05-05 16:49:49]卫星个数：13
[INFO][2020-05-05 16:49:49]经度：东经113.393785
[INFO][2020-05-05 16:49:49]纬度：北纬23.09513666666667
[INFO][2020-05-05 16:49:49]海拨：5180
[INFO][2020-05-05 16:49:49]速度：2公里/小时
[INFO][2020-05-05 16:49:49]航向：60度
[INFO][2020-05-05 16:49:49]------------------
[INFO][2020-05-05 16:49:57]协议号：01
[INFO][2020-05-05 16:49:57]有设备登录-----
[INFO][2020-05-05 16:49:57]设备IMEI：363620200424072
[INFO][2020-05-05 16:49:57]软件版本：6
[INFO][2020-05-05 16:49:57]------------------
[INFO][2020-05-05 16:51:11]启动成功
[INFO][2020-05-05 16:51:17]启动成功
[INFO][2020-05-05 16:51:20]协议号：E3
[INFO][2020-05-05 16:51:20]GPS定位数据-----
[INFO][2020-05-05 16:51:20]时间：2020年5月4日16时45分6秒
[INFO][2020-05-05 16:51:20]GPS信息长度：9
[INFO][2020-05-05 16:51:20]卫星个数：13
[INFO][2020-05-05 16:51:20]经度：东经113.393785
[INFO][2020-05-05 16:51:20]纬度：北纬23.09513666666667
[INFO][2020-05-05 16:51:20]海拨：5180
[INFO][2020-05-05 16:51:20]速度：2公里/小时
[INFO][2020-05-05 16:51:20]航向：60度
[INFO][2020-05-05 16:51:20]------------------
[INFO][2020-05-05 16:51:23]协议号：01
[INFO][2020-05-05 16:51:23]有设备登录-----
[INFO][2020-05-05 16:51:23]设备IMEI：363620200424072
[INFO][2020-05-05 16:51:23]软件版本：6
[INFO][2020-05-05 16:51:23]------------------
[INFO][2020-05-05 16:51:27]协议号：E3
[INFO][2020-05-05 16:51:27]GPS定位数据-----
[INFO][2020-05-05 16:51:27]时间：2020年5月4日16时45分6秒
[INFO][2020-05-05 16:51:27]GPS信息长度：9
[INFO][2020-05-05 16:51:27]卫星个数：13
[INFO][2020-05-05 16:51:27]经度：东经113.393785
[INFO][2020-05-05 16:51:27]纬度：北纬23.09513666666667
[INFO][2020-05-05 16:51:27]海拨：5180
[INFO][2020-05-05 16:51:27]速度：2公里/小时
[INFO][2020-05-05 16:51:27]航向：60度
[INFO][2020-05-05 16:51:27]------------------
[INFO][2020-05-05 16:51:37]启动成功
[INFO][2020-05-05 16:51:39]协议号：E3
[INFO][2020-05-05 16:51:39]GPS定位数据-----
[INFO][2020-05-05 16:51:39]时间：2020年5月4日16时45分6秒
[INFO][2020-05-05 16:51:39]GPS信息长度：9
[INFO][2020-05-05 16:51:39]卫星个数：13
[INFO][2020-05-05 16:51:39]经度：东经113.393785
[INFO][2020-05-05 16:51:39]纬度：北纬23.09513666666667
[INFO][2020-05-05 16:51:39]海拨：5180
[INFO][2020-05-05 16:51:39]速度：2公里/小时
[INFO][2020-05-05 16:51:39]航向：60度
[INFO][2020-05-05 16:51:39]------------------
[INFO][2020-05-05 16:51:47]协议号：01
[INFO][2020-05-05 16:51:47]有设备登录-----
[INFO][2020-05-05 16:51:47]设备IMEI：363620200424072
[INFO][2020-05-05 16:51:47]软件版本：6
[INFO][2020-05-05 16:51:47]------------------
[INFO][2020-05-05 16:52:01]启动成功
[INFO][2020-05-05 16:52:06]协议号：E3
[INFO][2020-05-05 16:52:06]GPS定位数据-----
[INFO][2020-05-05 16:52:06]时间：2020年5月4日16时45分6秒
[INFO][2020-05-05 16:52:06]GPS信息长度：9
[INFO][2020-05-05 16:52:06]卫星个数：13
[INFO][2020-05-05 16:52:06]经度：东经113.393785
[INFO][2020-05-05 16:52:06]纬度：北纬23.09513666666667
[INFO][2020-05-05 16:52:06]海拨：5180
[INFO][2020-05-05 16:52:06]速度：2公里/小时
[INFO][2020-05-05 16:52:06]航向：60度
[INFO][2020-05-05 16:52:06]------------------
[INFO][2020-05-05 16:52:07]协议号：01
[INFO][2020-05-05 16:52:07]有设备登录-----
[INFO][2020-05-05 16:52:07]设备IMEI：363620200424072
[INFO][2020-05-05 16:52:07]软件版本：6
[INFO][2020-05-05 16:52:07]------------------
[INFO][2020-05-05 16:52:26]启动成功
[INFO][2020-05-05 16:52:28]协议号：01
[INFO][2020-05-05 16:52:28]有设备登录-----
[INFO][2020-05-05 16:52:28]设备IMEI：363620200424072
[INFO][2020-05-05 16:52:28]软件版本：6
[INFO][2020-05-05 16:52:28]------------------
[INFO][2020-05-05 16:52:30]协议号：E3
[INFO][2020-05-05 16:53:38]GPS定位数据-----
[INFO][2020-05-05 16:53:38]时间：2020年5月4日16时45分6秒
[INFO][2020-05-05 16:53:38]GPS信息长度：9
[INFO][2020-05-05 16:53:38]卫星个数：13
[INFO][2020-05-05 16:53:38]经度：东经113.393785
[INFO][2020-05-05 16:53:38]纬度：北纬23.09513666666667
[INFO][2020-05-05 16:53:38]海拨：5180
[INFO][2020-05-05 16:53:38]速度：2公里/小时
[INFO][2020-05-05 16:53:38]航向：60度
[INFO][2020-05-05 16:53:38]------------------
[INFO][2020-05-05 16:53:46]协议号：E3
[INFO][2020-05-05 16:53:49]GPS定位数据-----
[INFO][2020-05-05 16:53:49]时间：2020年5月4日16时45分6秒
[INFO][2020-05-05 16:53:49]GPS信息长度：9
[INFO][2020-05-05 16:53:49]卫星个数：13
[INFO][2020-05-05 16:53:49]经度：东经113.393785
[INFO][2020-05-05 16:53:49]纬度：北纬23.09513666666667
[INFO][2020-05-05 16:53:49]海拨：17
[INFO][2020-05-05 16:53:49]速度：2公里/小时
[INFO][2020-05-05 16:53:49]航向：60度
[INFO][2020-05-05 16:53:49]------------------
[INFO][2020-05-05 16:53:59]启动成功
[INFO][2020-05-05 16:54:03]协议号：E3
[INFO][2020-05-05 16:54:03]GPS定位数据-----
[INFO][2020-05-05 16:54:03]时间：2020年5月4日16时45分6秒
[INFO][2020-05-05 16:54:03]GPS信息长度：9
[INFO][2020-05-05 16:54:03]卫星个数：13
[INFO][2020-05-05 16:54:03]经度：东经113.393785
[INFO][2020-05-05 16:54:03]纬度：北纬23.09513666666667
[INFO][2020-05-05 16:54:03]海拨：17
[INFO][2020-05-05 16:54:03]速度：2公里/小时
[INFO][2020-05-05 16:54:03]航向：60度
[INFO][2020-05-05 16:54:03]------------------
[INFO][2020-05-05 16:54:26]协议号：01
[INFO][2020-05-05 16:54:26]有设备登录-----
[INFO][2020-05-05 16:54:26]设备IMEI：363620200424072
[INFO][2020-05-05 16:54:26]软件版本：6
[INFO][2020-05-05 16:54:26]------------------
[INFO][2020-05-05 16:54:56]协议号：13
[INFO][2020-05-05 16:54:56]电池电量：14
[INFO][2020-05-05 16:54:56]软件版本：6
[INFO][2020-05-05 16:54:56]时区：8
[INFO][2020-05-05 16:54:56]心跳包上传间隔：5分钟
[INFO][2020-05-05 16:54:56]信号强度：100
[INFO][2020-05-05 16:54:56]------------------
[INFO][2020-05-05 16:55:06]启动成功
[INFO][2020-05-05 16:55:11]协议号：E3
[INFO][2020-05-05 16:55:11]GPS定位数据-----
[INFO][2020-05-05 16:55:11]时间：2020年5月4日16时45分6秒
[INFO][2020-05-05 16:55:11]GPS信息长度：9
[INFO][2020-05-05 16:55:11]卫星个数：13
[INFO][2020-05-05 16:55:11]经度：东经113.393785度
[INFO][2020-05-05 16:55:11]纬度：北纬23.09513666666667度
[INFO][2020-05-05 16:55:11]海拨：17米
[INFO][2020-05-05 16:55:11]速度：2公里/小时
[INFO][2020-05-05 16:55:11]航向：60度
[INFO][2020-05-05 16:55:11]------------------
[INFO][2020-05-05 16:55:33]协议号：01
[INFO][2020-05-05 16:55:33]有设备登录-----
[INFO][2020-05-05 16:55:33]设备IMEI：363620200424072
[INFO][2020-05-05 16:55:33]软件版本：6
[INFO][2020-05-05 16:55:33]------------------
[INFO][2020-05-05 16:56:38]启动成功
[INFO][2020-05-05 16:56:42]协议号：E3
[INFO][2020-05-05 16:56:42]GPS定位数据-----
[INFO][2020-05-05 16:56:42]时间：2020年5月4日16时45分6秒
[INFO][2020-05-05 16:56:42]GPS信息长度：9
[INFO][2020-05-05 16:56:42]卫星个数：13
[INFO][2020-05-05 16:56:42]经度：东经113.393785度
[INFO][2020-05-05 16:56:42]纬度：北纬23.09513666666667度
[INFO][2020-05-05 16:56:42]海拨：17米
[INFO][2020-05-05 16:56:42]速度：2公里/小时
[INFO][2020-05-05 16:56:42]航向：60度
[INFO][2020-05-05 16:56:42]------------------
[INFO][2020-05-05 16:56:52]协议号：E3
[INFO][2020-05-05 16:56:52]GPS定位数据-----
[INFO][2020-05-05 16:56:52]时间：2020年5月4日16时45分6秒
[INFO][2020-05-05 16:56:52]GPS信息长度：9
[INFO][2020-05-05 16:56:52]卫星个数：13
[INFO][2020-05-05 16:56:52]经度：东经113.393785度
[INFO][2020-05-05 16:56:52]纬度：北纬23.09513666666667度
[INFO][2020-05-05 16:56:52]海拨：17米
[INFO][2020-05-05 16:56:52]速度：2公里/小时
[INFO][2020-05-05 16:56:52]航向：60度
[INFO][2020-05-05 16:56:52]------------------
[INFO][2020-05-05 16:57:00]协议号：01
[INFO][2020-05-05 16:57:00]有设备登录-----
[INFO][2020-05-05 16:57:00]设备IMEI：363620200424072
[INFO][2020-05-05 16:57:00]软件版本：6
[INFO][2020-05-05 16:57:00]------------------
[INFO][2020-05-05 16:57:06]启动成功
[INFO][2020-05-05 16:57:07]协议号：E3
[INFO][2020-05-05 16:57:07]GPS定位数据-----
[INFO][2020-05-05 16:57:07]时间：2020年5月4日16时45分6秒
[INFO][2020-05-05 16:57:07]GPS信息长度：9
[INFO][2020-05-05 16:57:07]卫星个数：13
[INFO][2020-05-05 16:57:07]经度：东经113.393785度
[INFO][2020-05-05 16:57:07]纬度：北纬23.09513666666667度
[INFO][2020-05-05 16:57:07]海拨：17米
[INFO][2020-05-05 16:57:07]速度：2公里/小时
[INFO][2020-05-05 16:57:07]航向：60度
[INFO][2020-05-05 16:57:07]------------------
[INFO][2020-05-05 16:57:12]协议号：E3
[INFO][2020-05-05 16:57:12]GPS定位数据-----
[INFO][2020-05-05 16:57:12]时间：2020年5月4日16时45分6秒
[INFO][2020-05-05 16:57:12]GPS信息长度：9
[INFO][2020-05-05 16:57:12]卫星个数：13
[INFO][2020-05-05 16:57:12]经度：东经113.393785度
[INFO][2020-05-05 16:57:12]纬度：北纬23.09513666666667度
[INFO][2020-05-05 16:57:12]海拨：17米
[INFO][2020-05-05 16:57:12]速度：2公里/小时
[INFO][2020-05-05 16:57:12]航向：60度
[INFO][2020-05-05 16:57:12]------------------
[INFO][2020-05-05 16:57:16]协议号：01
[INFO][2020-05-05 16:57:16]有设备登录-----
[INFO][2020-05-05 16:57:16]设备IMEI：363620200424072
[INFO][2020-05-05 16:57:16]软件版本：6
[INFO][2020-05-05 16:57:16]------------------
[INFO][2020-05-05 16:57:21]启动成功
[INFO][2020-05-05 16:57:26]协议号：E3
[INFO][2020-05-05 16:57:26]GPS定位数据-----
[INFO][2020-05-05 16:57:26]时间：2020年5月4日16时45分6秒
[INFO][2020-05-05 16:57:26]GPS信息长度：9
[INFO][2020-05-05 16:57:26]卫星个数：13
[INFO][2020-05-05 16:57:26]经度：东经113.393785度
[INFO][2020-05-05 16:57:26]纬度：北纬23.09513666666667度
[INFO][2020-05-05 16:57:26]海拨：17米
[INFO][2020-05-05 16:57:26]速度：2公里/小时
[INFO][2020-05-05 16:57:26]航向：60度
[INFO][2020-05-05 16:57:26]------------------
[INFO][2020-05-05 16:57:31]协议号：01
[INFO][2020-05-05 16:57:31]有设备登录-----
[INFO][2020-05-05 16:57:31]设备IMEI：363620200424072
[INFO][2020-05-05 16:57:31]软件版本：6
[INFO][2020-05-05 16:57:31]------------------
[INFO][2020-05-05 16:57:36]协议号：E3
[INFO][2020-05-05 16:57:36]GPS定位数据-----
[INFO][2020-05-05 16:57:36]时间：2020年5月4日16时45分6秒
[INFO][2020-05-05 16:57:36]GPS信息长度：9
[INFO][2020-05-05 16:57:36]卫星个数：13
[INFO][2020-05-05 16:57:36]经度：东经113.393785度
[INFO][2020-05-05 16:57:36]纬度：北纬23.09513666666667度
[INFO][2020-05-05 16:57:36]海拨：17米
[INFO][2020-05-05 16:57:36]速度：2公里/小时
[INFO][2020-05-05 16:57:36]航向：60度
[INFO][2020-05-05 16:57:36]------------------
[INFO][2020-05-05 16:57:42]协议号：E3
[INFO][2020-05-05 16:57:42]GPS定位数据-----
[INFO][2020-05-05 16:57:42]时间：2020年5月4日16时45分6秒
[INFO][2020-05-05 16:57:42]GPS信息长度：9
[INFO][2020-05-05 16:57:42]卫星个数：13
[INFO][2020-05-05 16:57:42]经度：东经113.393785度
[INFO][2020-05-05 16:57:42]纬度：北纬23.09513666666667度
[INFO][2020-05-05 16:57:42]海拨：17米
[INFO][2020-05-05 16:57:42]速度：2公里/小时
[INFO][2020-05-05 16:57:42]航向：60度
[INFO][2020-05-05 16:57:42]------------------
[INFO][2020-05-05 16:58:01]启动成功
